<?xml version="1.0" encoding="UTF-8"?>
<!-- Generated by org.testng.reporters.JUnitXMLReporter -->
<testsuite ignored="0" hostname="TYSS-Manoj" failures="1" tests="1" name="Test" time="11.027" errors="0" timestamp="2023-07-20T10:32:24 IST">
  <testcase classname="Leads.TC001_Create_A_Lead_And_Verify_If_Lead_Is_Created_Successfully" name="Create_a_Lead_and_Verify" time="7.036">
    <failure type="java.lang.AssertionError" message="expected [false] but found [true]">
      <![CDATA[java.lang.AssertionError: expected [false] but found [true]
at Leads.TC001_Create_A_Lead_And_Verify_If_Lead_Is_Created_Successfully.Create_a_Lead_and_Verify(TC001_Create_A_Lead_And_Verify_If_Lead_Is_Created_Successfully.java:189)
at java.base/java.util.ArrayList.forEach(ArrayList.java:1511)
... Removed 31 stack frames]]>
    </failure>
  </testcase> <!-- Create_a_Lead_and_Verify -->
</testsuite> <!-- Test -->
